<?xml version="1.0" encoding="UTF-8"?>
<!-- Generated by org.testng.reporters.JUnitReportReporter -->
<testsuite hostname="WINDOWS-04NECUH" failures="0" tests="2" name="seleniumtutorial.Mavenjava.AppiumTest" time="0.007" errors="0" timestamp="2020-12-13T18:36:40 EST" skipped="0">
  <testcase classname="seleniumtutorial.Mavenjava.AppiumTest" name="NativeappAnroid" time="0.001"/>
  <system-out/>
  <testcase classname="seleniumtutorial.Mavenjava.AppiumTest" name="IOSApps" time="0.006"/>
  <system-out/>
</testsuite> <!-- seleniumtutorial.Mavenjava.AppiumTest -->
