<?xml version="1.0" encoding="UTF-8"?>
<!-- Generated by org.testng.reporters.JUnitReportReporter -->
<testsuite hostname="WINDOWS-04NECUH" failures="0" tests="2" name="seleniumtutorial.Mavenjava.RestAPITest" time="0.000" errors="0" timestamp="2020-12-13T18:36:40 EST" skipped="0">
  <testcase classname="seleniumtutorial.Mavenjava.RestAPITest" name="postJira" time="0.000"/>
  <system-out/>
  <testcase classname="seleniumtutorial.Mavenjava.RestAPITest" name="deleteTwitter" time="0.000"/>
  <system-out/>
</testsuite> <!-- seleniumtutorial.Mavenjava.RestAPITest -->
